2019-06-30 20:45:18 Log begins
2019-06-30 20:46:24 Log ends
2019-07-02 02:10:46 Log begins
2019-07-02 16:21:13 Log begins
2019-07-02 17:23:35 Log begins
2019-07-04 11:52:33 Log begins
2019-07-07 22:43:12 Log begins
2019-07-08 10:41:56 Log begins
2019-07-12 21:56:57 Log begins
2019-07-12 22:33:38 Log begins
2020-08-18 23:49:41 Log begins
2020-08-18 23:50:05 Log ends
2020-08-18 23:50:10 Log begins
2020-08-24 15:38:42 Log begins
2020-08-25 10:58:12 Log ends
2020-08-25 10:58:14 Log begins
2020-08-25 10:59:41 Sent SMS [SMSC:smart01] [SVC:foo] [ACT:] [BINF:] [FID:] [META:] [from:09182536378] [to:09283164164] [flags:-1:0:-1:-1:24] [msg:4:test] [udh:0:]
2020-08-25 10:59:41 Receive DLR [SMSC:smart01] [SVC:foo] [ACT:] [BINF:] [FID:] [META:] [from:09182536378] [to:09283164164] [flags:-1:-1:-1:-1:8] [msg:4:ACK/] [udh:0:]
2020-08-25 11:07:27 Sent SMS [SMSC:smart01] [SVC:foo] [ACT:] [BINF:] [FID:] [META:] [from:09182536378] [to:09283164164] [flags:-1:0:-1:-1:24] [msg:7:testing] [udh:0:]
2020-08-25 11:07:27 Receive DLR [SMSC:smart01] [SVC:foo] [ACT:] [BINF:] [FID:] [META:] [from:09182536378] [to:09283164164] [flags:-1:-1:-1:-1:8] [msg:4:ACK/] [udh:0:]
2020-08-25 11:08:30 Sent SMS [SMSC:smart01] [SVC:foo] [ACT:] [BINF:] [FID:] [META:] [from:09182536378] [to:09283164164] [flags:-1:0:-1:-1:24] [msg:18:hello bakit ganito] [udh:0:]
2020-08-25 11:08:30 Receive DLR [SMSC:smart01] [SVC:foo] [ACT:] [BINF:] [FID:] [META:] [from:09182536378] [to:09283164164] [flags:-1:-1:-1:-1:8] [msg:4:ACK/] [udh:0:]
2020-08-25 11:14:35 Log ends
2020-08-25 11:14:38 Log begins
2020-08-25 11:15:03 Sent SMS [SMSC:smart01] [SVC:foo] [ACT:] [BINF:] [FID:] [META:] [from:09182536378] [to:09283164164] [flags:-1:0:-1:-1:24] [msg:13:test mike 123] [udh:0:]
2020-08-25 11:15:03 Receive DLR [SMSC:smart01] [SVC:foo] [ACT:] [BINF:] [FID:] [META:] [from:09182536378] [to:09283164164] [flags:-1:-1:-1:-1:8] [msg:4:ACK/] [udh:0:]
2020-08-25 11:18:32 Sent SMS [SMSC:smart01] [SVC:foo] [ACT:] [BINF:] [FID:] [META:] [from:09182536378] [to:09283164164] [flags:-1:0:-1:-1:24] [msg:11:testing 123] [udh:0:]
2020-08-25 11:18:32 Receive DLR [SMSC:smart01] [SVC:foo] [ACT:] [BINF:] [FID:] [META:] [from:09182536378] [to:09283164164] [flags:-1:-1:-1:-1:8] [msg:4:ACK/] [udh:0:]
2020-08-25 11:23:52 Log ends
2020-08-25 11:23:54 Log begins
2020-08-25 11:24:22 Sent SMS [SMSC:smart01] [SVC:foo] [ACT:] [BINF:] [FID:] [META:] [from:09182536378] [to:09283164164] [flags:-1:0:-1:-1:24] [msg:6:thanks] [udh:0:]
2020-08-25 11:24:22 Receive DLR [SMSC:smart01] [SVC:foo] [ACT:] [BINF:] [FID:] [META:] [from:09182536378] [to:09283164164] [flags:-1:-1:-1:-1:8] [msg:4:ACK/] [udh:0:]
2020-08-25 11:26:07 Sent SMS [SMSC:smart01] [SVC:foo] [ACT:] [BINF:] [FID:] [META:] [from:09182536378] [to:09283164164] [flags:-1:0:-1:-1:24] [msg:4:tail] [udh:0:]
2020-08-25 11:26:07 Receive DLR [SMSC:smart01] [SVC:foo] [ACT:] [BINF:] [FID:] [META:] [from:09182536378] [to:09283164164] [flags:-1:-1:-1:-1:8] [msg:4:ACK/] [udh:0:]
2020-08-25 11:27:10 Sent SMS [SMSC:smart01] [SVC:foo] [ACT:] [BINF:] [FID:] [META:] [from:09182536378] [to:09283164164] [flags:-1:0:-1:-1:24] [msg:11:send me now] [udh:0:]
2020-08-25 11:27:10 Receive DLR [SMSC:smart01] [SVC:foo] [ACT:] [BINF:] [FID:] [META:] [from:09182536378] [to:09283164164] [flags:-1:-1:-1:-1:8] [msg:4:ACK/] [udh:0:]
2020-08-25 11:48:07 Sent SMS [SMSC:smart01] [SVC:foo] [ACT:] [BINF:] [FID:] [META:] [from:09182536378] [to:09283164164] [flags:-1:0:-1:-1:24] [msg:7:pede ba] [udh:0:]
2020-08-25 11:48:07 Receive DLR [SMSC:smart01] [SVC:foo] [ACT:] [BINF:] [FID:] [META:] [from:09182536378] [to:09283164164] [flags:-1:-1:-1:-1:8] [msg:4:ACK/] [udh:0:]
2020-08-25 11:56:30 Sent SMS [SMSC:smart01] [SVC:foo] [ACT:] [BINF:] [FID:] [META:] [from:09182536378] [to:09283164164] [flags:-1:0:-1:-1:24] [msg:3:poo] [udh:0:]
2020-08-25 11:56:30 Receive DLR [SMSC:smart01] [SVC:foo] [ACT:] [BINF:] [FID:] [META:] [from:09182536378] [to:09283164164] [flags:-1:-1:-1:-1:8] [msg:4:ACK/] [udh:0:]
2020-08-25 14:23:33 Sent SMS [SMSC:smart01] [SVC:foo] [ACT:] [BINF:] [FID:] [META:] [from:09182536378] [to:09283164164] [flags:-1:0:-1:-1:24] [msg:8:testingi] [udh:0:]
2020-08-25 14:23:33 Receive DLR [SMSC:smart01] [SVC:foo] [ACT:] [BINF:] [FID:] [META:] [from:09182536378] [to:09283164164] [flags:-1:-1:-1:-1:8] [msg:4:ACK/] [udh:0:]
2020-08-25 14:26:22 Sent SMS [SMSC:smart01] [SVC:foo] [ACT:] [BINF:] [FID:] [META:] [from:09182536378] [to:09283164164] [flags:-1:0:-1:-1:24] [msg:6:tiktok] [udh:0:]
2020-08-25 14:26:22 Receive DLR [SMSC:smart01] [SVC:foo] [ACT:] [BINF:] [FID:] [META:] [from:09182536378] [to:09283164164] [flags:-1:-1:-1:-1:8] [msg:4:ACK/] [udh:0:]
2020-08-25 14:28:53 Sent SMS [SMSC:smart01] [SVC:foo] [ACT:] [BINF:] [FID:] [META:] [from:09182536378] [to:09283164164] [flags:-1:0:-1:-1:24] [msg:7:too bai] [udh:0:]
2020-08-25 14:28:53 Receive DLR [SMSC:smart01] [SVC:foo] [ACT:] [BINF:] [FID:] [META:] [from:09182536378] [to:09283164164] [flags:-1:-1:-1:-1:8] [msg:4:ACK/] [udh:0:]
2020-08-25 14:29:21 Sent SMS [SMSC:smart01] [SVC:foo] [ACT:] [BINF:] [FID:] [META:] [from:09182536378] [to:09283164164] [flags:-1:0:-1:-1:24] [msg:7:too bai] [udh:0:]
2020-08-25 14:29:21 Receive DLR [SMSC:smart01] [SVC:foo] [ACT:] [BINF:] [FID:] [META:] [from:09182536378] [to:09283164164] [flags:-1:-1:-1:-1:8] [msg:4:ACK/] [udh:0:]
2020-08-25 14:29:32 Sent SMS [SMSC:smart01] [SVC:foo] [ACT:] [BINF:] [FID:] [META:] [from:09182536378] [to:09283164164] [flags:-1:0:-1:-1:24] [msg:7:too bai] [udh:0:]
2020-08-25 14:29:32 Receive DLR [SMSC:smart01] [SVC:foo] [ACT:] [BINF:] [FID:] [META:] [from:09182536378] [to:09283164164] [flags:-1:-1:-1:-1:8] [msg:4:ACK/] [udh:0:]
2020-08-25 14:29:38 Sent SMS [SMSC:smart01] [SVC:foo] [ACT:] [BINF:] [FID:] [META:] [from:09182536378] [to:09283164164] [flags:-1:0:-1:-1:24] [msg:7:too bai] [udh:0:]
2020-08-25 14:29:38 Receive DLR [SMSC:smart01] [SVC:foo] [ACT:] [BINF:] [FID:] [META:] [from:09182536378] [to:09283164164] [flags:-1:-1:-1:-1:8] [msg:4:ACK/] [udh:0:]
2020-08-25 14:29:45 Sent SMS [SMSC:smart01] [SVC:foo] [ACT:] [BINF:] [FID:] [META:] [from:09182536378] [to:09283164164] [flags:-1:0:-1:-1:24] [msg:7:too bai] [udh:0:]
2020-08-25 14:29:45 Receive DLR [SMSC:smart01] [SVC:foo] [ACT:] [BINF:] [FID:] [META:] [from:09182536378] [to:09283164164] [flags:-1:-1:-1:-1:8] [msg:4:ACK/] [udh:0:]
2020-08-25 14:29:49 Sent SMS [SMSC:smart01] [SVC:foo] [ACT:] [BINF:] [FID:] [META:] [from:09182536378] [to:09283164164] [flags:-1:0:-1:-1:24] [msg:7:too bai] [udh:0:]
2020-08-25 14:29:49 Receive DLR [SMSC:smart01] [SVC:foo] [ACT:] [BINF:] [FID:] [META:] [from:09182536378] [to:09283164164] [flags:-1:-1:-1:-1:8] [msg:4:ACK/] [udh:0:]
2020-08-25 14:29:54 Sent SMS [SMSC:smart01] [SVC:foo] [ACT:] [BINF:] [FID:] [META:] [from:09182536378] [to:09283164164] [flags:-1:0:-1:-1:24] [msg:7:too bai] [udh:0:]
2020-08-25 14:29:54 Receive DLR [SMSC:smart01] [SVC:foo] [ACT:] [BINF:] [FID:] [META:] [from:09182536378] [to:09283164164] [flags:-1:-1:-1:-1:8] [msg:4:ACK/] [udh:0:]
2020-08-25 16:37:32 Sent SMS [SMSC:smart01] [SVC:foo] [ACT:] [BINF:] [FID:] [META:] [from:09182536378] [to:09060583308] [flags:-1:0:-1:-1:24] [msg:26:hello world anu number mo?] [udh:0:]
2020-08-25 16:37:32 Receive DLR [SMSC:smart01] [SVC:foo] [ACT:] [BINF:] [FID:] [META:] [from:09182536378] [to:09060583308] [flags:-1:-1:-1:-1:8] [msg:4:ACK/] [udh:0:]
2020-08-25 16:47:08 Log ends
2020-08-25 16:47:10 Log begins
2020-08-25 16:47:53 Sent SMS [SMSC:smart01] [SVC:foo] [ACT:] [BINF:] [FID:] [META:] [from:09182536378] [to:09283164164] [flags:-1:0:-1:-1:24] [msg:11:hello world] [udh:0:]
2020-08-25 16:47:53 Receive DLR [SMSC:smart01] [SVC:foo] [ACT:] [BINF:] [FID:] [META:] [from:09182536378] [to:09283164164] [flags:-1:-1:-1:-1:8] [msg:4:ACK/] [udh:0:]
2020-08-25 16:55:20 Log ends
2020-08-25 16:55:23 Log begins
2020-08-25 17:06:19 Log begins
2020-08-25 17:07:46 Sent SMS [SMSC:smart01] [SVC:foo] [ACT:] [BINF:] [FID:] [META:] [from:09182536378] [to:09060583308] [flags:-1:0:-1:-1:24] [msg:4:test] [udh:0:]
2020-08-25 17:07:46 Receive DLR [SMSC:smart01] [SVC:foo] [ACT:] [BINF:] [FID:] [META:] [from:09182536378] [to:09060583308] [flags:-1:-1:-1:-1:8] [msg:4:ACK/] [udh:0:]
2020-08-25 17:07:51 Sent SMS [SMSC:smart01] [SVC:foo] [ACT:] [BINF:] [FID:] [META:] [from:09182536378] [to:09283164164] [flags:-1:0:-1:-1:24] [msg:4:test] [udh:0:]
2020-08-25 17:07:51 Receive DLR [SMSC:smart01] [SVC:foo] [ACT:] [BINF:] [FID:] [META:] [from:09182536378] [to:09283164164] [flags:-1:-1:-1:-1:8] [msg:4:ACK/] [udh:0:]
2020-08-25 17:33:36 Sent SMS [SMSC:smart01] [SVC:foo] [ACT:] [BINF:] [FID:] [META:] [from:09182536378] [to:09060583308] [flags:-1:0:-1:-1:24] [msg:4:test] [udh:0:]
2020-08-25 17:33:36 Receive DLR [SMSC:smart01] [SVC:foo] [ACT:] [BINF:] [FID:] [META:] [from:09182536378] [to:09060583308] [flags:-1:-1:-1:-1:8] [msg:4:ACK/] [udh:0:]
2020-08-25 17:33:40 Sent SMS [SMSC:smart01] [SVC:foo] [ACT:] [BINF:] [FID:] [META:] [from:09182536378] [to:09283164164] [flags:-1:0:-1:-1:24] [msg:4:test] [udh:0:]
2020-08-25 17:33:40 Receive DLR [SMSC:smart01] [SVC:foo] [ACT:] [BINF:] [FID:] [META:] [from:09182536378] [to:09283164164] [flags:-1:-1:-1:-1:8] [msg:4:ACK/] [udh:0:]
2020-08-25 17:53:33 Sent SMS [SMSC:smart01] [SVC:foo] [ACT:] [BINF:] [FID:] [META:] [from:09182536378] [to:09283164164] [flags:-1:0:-1:-1:24] [msg:5:hello] [udh:0:]
2020-08-25 17:53:33 Receive DLR [SMSC:smart01] [SVC:foo] [ACT:] [BINF:] [FID:] [META:] [from:09182536378] [to:09283164164] [flags:-1:-1:-1:-1:8] [msg:4:ACK/] [udh:0:]
2020-08-25 17:54:48 Sent SMS [SMSC:smart01] [SVC:foo] [ACT:] [BINF:] [FID:] [META:] [from:09182536378] [to:09283164164] [flags:-1:0:-1:-1:24] [msg:6:testtt] [udh:0:]
2020-08-25 17:54:48 Receive DLR [SMSC:smart01] [SVC:foo] [ACT:] [BINF:] [FID:] [META:] [from:09182536378] [to:09283164164] [flags:-1:-1:-1:-1:8] [msg:4:ACK/] [udh:0:]
2020-08-25 17:56:34 Sent SMS [SMSC:smart01] [SVC:foo] [ACT:] [BINF:] [FID:] [META:] [from:09182536378] [to:09283164164] [flags:-1:0:-1:-1:24] [msg:12:test message] [udh:0:]
2020-08-25 17:56:34 Receive DLR [SMSC:smart01] [SVC:foo] [ACT:] [BINF:] [FID:] [META:] [from:09182536378] [to:09283164164] [flags:-1:-1:-1:-1:8] [msg:4:ACK/] [udh:0:]
2020-08-26 13:54:24 Log ends
2020-08-26 13:54:25 Log begins
2020-08-26 13:55:07 Sent SMS [SMSC:smart01] [SVC:foo] [ACT:] [BINF:] [FID:] [META:] [from:09182536378] [to:09283164164] [flags:-1:0:-1:-1:24] [msg:11:hello world] [udh:0:]
2020-08-26 13:55:07 Receive DLR [SMSC:smart01] [SVC:foo] [ACT:] [BINF:] [FID:] [META:] [from:09182536378] [to:09283164164] [flags:-1:-1:-1:-1:8] [msg:4:ACK/] [udh:0:]
2020-08-26 15:48:00 Sent SMS [SMSC:smart01] [SVC:foo] [ACT:] [BINF:] [FID:] [META:] [from:09182536378] [to:09283164164] [flags:-1:0:-1:-1:24] [msg:11:hello world] [udh:0:]
2020-08-26 15:48:00 Receive DLR [SMSC:smart01] [SVC:foo] [ACT:] [BINF:] [FID:] [META:] [from:09182536378] [to:09283164164] [flags:-1:-1:-1:-1:8] [msg:4:ACK/] [udh:0:]
2020-08-26 15:48:06 Sent SMS [SMSC:smart01] [SVC:foo] [ACT:] [BINF:] [FID:] [META:] [from:09182536378] [to:09060583308] [flags:-1:0:-1:-1:24] [msg:11:hello world] [udh:0:]
2020-08-26 15:48:06 Receive DLR [SMSC:smart01] [SVC:foo] [ACT:] [BINF:] [FID:] [META:] [from:09182536378] [to:09060583308] [flags:-1:-1:-1:-1:8] [msg:4:ACK/] [udh:0:]
2020-08-26 15:48:24 Sent SMS [SMSC:smart01] [SVC:foo] [ACT:] [BINF:] [FID:] [META:] [from:09182536378] [to:09283164164] [flags:-1:0:-1:-1:24] [msg:12:test message] [udh:0:]
2020-08-26 15:48:24 Receive DLR [SMSC:smart01] [SVC:foo] [ACT:] [BINF:] [FID:] [META:] [from:09182536378] [to:09283164164] [flags:-1:-1:-1:-1:8] [msg:4:ACK/] [udh:0:]
2020-08-26 15:48:28 Sent SMS [SMSC:smart01] [SVC:foo] [ACT:] [BINF:] [FID:] [META:] [from:09182536378] [to:09060583308] [flags:-1:0:-1:-1:24] [msg:12:test message] [udh:0:]
2020-08-26 15:48:28 Receive DLR [SMSC:smart01] [SVC:foo] [ACT:] [BINF:] [FID:] [META:] [from:09182536378] [to:09060583308] [flags:-1:-1:-1:-1:8] [msg:4:ACK/] [udh:0:]
2020-08-26 15:48:45 Sent SMS [SMSC:smart01] [SVC:foo] [ACT:] [BINF:] [FID:] [META:] [from:09182536378] [to:09283164164] [flags:-1:0:-1:-1:24] [msg:6:testtt] [udh:0:]
2020-08-26 15:48:45 Receive DLR [SMSC:smart01] [SVC:foo] [ACT:] [BINF:] [FID:] [META:] [from:09182536378] [to:09283164164] [flags:-1:-1:-1:-1:8] [msg:4:ACK/] [udh:0:]
2020-08-26 15:48:50 Sent SMS [SMSC:smart01] [SVC:foo] [ACT:] [BINF:] [FID:] [META:] [from:09182536378] [to:09060583308] [flags:-1:0:-1:-1:24] [msg:6:testtt] [udh:0:]
2020-08-26 15:48:50 Receive DLR [SMSC:smart01] [SVC:foo] [ACT:] [BINF:] [FID:] [META:] [from:09182536378] [to:09060583308] [flags:-1:-1:-1:-1:8] [msg:4:ACK/] [udh:0:]
2020-08-26 16:01:21 Sent SMS [SMSC:smart01] [SVC:foo] [ACT:] [BINF:] [FID:] [META:] [from:09182536378] [to:09283164164] [flags:-1:0:-1:-1:24] [msg:12:test message] [udh:0:]
2020-08-26 16:01:21 Receive DLR [SMSC:smart01] [SVC:foo] [ACT:] [BINF:] [FID:] [META:] [from:09182536378] [to:09283164164] [flags:-1:-1:-1:-1:8] [msg:4:ACK/] [udh:0:]
2020-08-26 16:01:26 Sent SMS [SMSC:smart01] [SVC:foo] [ACT:] [BINF:] [FID:] [META:] [from:09182536378] [to:09283164164] [flags:-1:0:-1:-1:24] [msg:12:test message] [udh:0:]
2020-08-26 16:01:26 Receive DLR [SMSC:smart01] [SVC:foo] [ACT:] [BINF:] [FID:] [META:] [from:09182536378] [to:09283164164] [flags:-1:-1:-1:-1:8] [msg:4:ACK/] [udh:0:]
2020-08-26 16:01:30 Sent SMS [SMSC:smart01] [SVC:foo] [ACT:] [BINF:] [FID:] [META:] [from:09182536378] [to:09283164164] [flags:-1:0:-1:-1:24] [msg:12:test message] [udh:0:]
2020-08-26 16:01:30 Receive DLR [SMSC:smart01] [SVC:foo] [ACT:] [BINF:] [FID:] [META:] [from:09182536378] [to:09283164164] [flags:-1:-1:-1:-1:8] [msg:4:ACK/] [udh:0:]
2020-08-26 16:01:35 Sent SMS [SMSC:smart01] [SVC:foo] [ACT:] [BINF:] [FID:] [META:] [from:09182536378] [to:09283164164] [flags:-1:0:-1:-1:24] [msg:12:test message] [udh:0:]
2020-08-26 16:01:35 Receive DLR [SMSC:smart01] [SVC:foo] [ACT:] [BINF:] [FID:] [META:] [from:09182536378] [to:09283164164] [flags:-1:-1:-1:-1:8] [msg:4:ACK/] [udh:0:]
2020-08-26 16:01:39 Sent SMS [SMSC:smart01] [SVC:foo] [ACT:] [BINF:] [FID:] [META:] [from:09182536378] [to:09283164164] [flags:-1:0:-1:-1:24] [msg:12:test message] [udh:0:]
2020-08-26 16:01:39 Receive DLR [SMSC:smart01] [SVC:foo] [ACT:] [BINF:] [FID:] [META:] [from:09182536378] [to:09283164164] [flags:-1:-1:-1:-1:8] [msg:4:ACK/] [udh:0:]
2020-08-26 16:01:44 Sent SMS [SMSC:smart01] [SVC:foo] [ACT:] [BINF:] [FID:] [META:] [from:09182536378] [to:09283164164] [flags:-1:0:-1:-1:24] [msg:12:test message] [udh:0:]
2020-08-26 16:01:44 Receive DLR [SMSC:smart01] [SVC:foo] [ACT:] [BINF:] [FID:] [META:] [from:09182536378] [to:09283164164] [flags:-1:-1:-1:-1:8] [msg:4:ACK/] [udh:0:]
2020-08-26 16:01:49 Sent SMS [SMSC:smart01] [SVC:foo] [ACT:] [BINF:] [FID:] [META:] [from:09182536378] [to:09283164164] [flags:-1:0:-1:-1:24] [msg:12:test message] [udh:0:]
2020-08-26 16:01:49 Receive DLR [SMSC:smart01] [SVC:foo] [ACT:] [BINF:] [FID:] [META:] [from:09182536378] [to:09283164164] [flags:-1:-1:-1:-1:8] [msg:4:ACK/] [udh:0:]
2020-08-26 16:01:54 Sent SMS [SMSC:smart01] [SVC:foo] [ACT:] [BINF:] [FID:] [META:] [from:09182536378] [to:09283164164] [flags:-1:0:-1:-1:24] [msg:12:test message] [udh:0:]
2020-08-26 16:01:54 Receive DLR [SMSC:smart01] [SVC:foo] [ACT:] [BINF:] [FID:] [META:] [from:09182536378] [to:09283164164] [flags:-1:-1:-1:-1:8] [msg:4:ACK/] [udh:0:]
2020-08-26 16:01:59 Sent SMS [SMSC:smart01] [SVC:foo] [ACT:] [BINF:] [FID:] [META:] [from:09182536378] [to:09283164164] [flags:-1:0:-1:-1:24] [msg:12:test message] [udh:0:]
2020-08-26 16:01:59 Receive DLR [SMSC:smart01] [SVC:foo] [ACT:] [BINF:] [FID:] [META:] [from:09182536378] [to:09283164164] [flags:-1:-1:-1:-1:8] [msg:4:ACK/] [udh:0:]
2020-08-26 16:02:03 Sent SMS [SMSC:smart01] [SVC:foo] [ACT:] [BINF:] [FID:] [META:] [from:09182536378] [to:09283164164] [flags:-1:0:-1:-1:24] [msg:12:test message] [udh:0:]
2020-08-26 16:02:03 Receive DLR [SMSC:smart01] [SVC:foo] [ACT:] [BINF:] [FID:] [META:] [from:09182536378] [to:09283164164] [flags:-1:-1:-1:-1:8] [msg:4:ACK/] [udh:0:]
2020-08-26 16:02:09 Sent SMS [SMSC:smart01] [SVC:foo] [ACT:] [BINF:] [FID:] [META:] [from:09182536378] [to:09283164164] [flags:-1:0:-1:-1:24] [msg:12:test message] [udh:0:]
2020-08-26 16:02:09 Receive DLR [SMSC:smart01] [SVC:foo] [ACT:] [BINF:] [FID:] [META:] [from:09182536378] [to:09283164164] [flags:-1:-1:-1:-1:8] [msg:4:ACK/] [udh:0:]
2020-08-26 16:02:14 Sent SMS [SMSC:smart01] [SVC:foo] [ACT:] [BINF:] [FID:] [META:] [from:09182536378] [to:09283164164] [flags:-1:0:-1:-1:24] [msg:12:test message] [udh:0:]
2020-08-26 16:02:14 Receive DLR [SMSC:smart01] [SVC:foo] [ACT:] [BINF:] [FID:] [META:] [from:09182536378] [to:09283164164] [flags:-1:-1:-1:-1:8] [msg:4:ACK/] [udh:0:]
2020-08-26 16:02:19 Sent SMS [SMSC:smart01] [SVC:foo] [ACT:] [BINF:] [FID:] [META:] [from:09182536378] [to:09283164164] [flags:-1:0:-1:-1:24] [msg:12:test message] [udh:0:]
2020-08-26 16:02:19 Receive DLR [SMSC:smart01] [SVC:foo] [ACT:] [BINF:] [FID:] [META:] [from:09182536378] [to:09283164164] [flags:-1:-1:-1:-1:8] [msg:4:ACK/] [udh:0:]
2020-08-26 16:02:24 Sent SMS [SMSC:smart01] [SVC:foo] [ACT:] [BINF:] [FID:] [META:] [from:09182536378] [to:09060583308] [flags:-1:0:-1:-1:24] [msg:12:test message] [udh:0:]
2020-08-26 16:02:24 Receive DLR [SMSC:smart01] [SVC:foo] [ACT:] [BINF:] [FID:] [META:] [from:09182536378] [to:09060583308] [flags:-1:-1:-1:-1:8] [msg:4:ACK/] [udh:0:]
2020-08-26 16:02:29 Sent SMS [SMSC:smart01] [SVC:foo] [ACT:] [BINF:] [FID:] [META:] [from:09182536378] [to:09283164164] [flags:-1:0:-1:-1:24] [msg:12:test message] [udh:0:]
2020-08-26 16:02:29 Receive DLR [SMSC:smart01] [SVC:foo] [ACT:] [BINF:] [FID:] [META:] [from:09182536378] [to:09283164164] [flags:-1:-1:-1:-1:8] [msg:4:ACK/] [udh:0:]
2020-08-26 16:02:33 Sent SMS [SMSC:smart01] [SVC:foo] [ACT:] [BINF:] [FID:] [META:] [from:09182536378] [to:09283164164] [flags:-1:0:-1:-1:24] [msg:12:test message] [udh:0:]
2020-08-26 16:02:33 Receive DLR [SMSC:smart01] [SVC:foo] [ACT:] [BINF:] [FID:] [META:] [from:09182536378] [to:09283164164] [flags:-1:-1:-1:-1:8] [msg:4:ACK/] [udh:0:]
2020-08-26 16:02:38 Sent SMS [SMSC:smart01] [SVC:foo] [ACT:] [BINF:] [FID:] [META:] [from:09182536378] [to:09060583308] [flags:-1:0:-1:-1:24] [msg:12:test message] [udh:0:]
2020-08-26 16:02:38 Receive DLR [SMSC:smart01] [SVC:foo] [ACT:] [BINF:] [FID:] [META:] [from:09182536378] [to:09060583308] [flags:-1:-1:-1:-1:8] [msg:4:ACK/] [udh:0:]
2020-08-26 16:02:42 Sent SMS [SMSC:smart01] [SVC:foo] [ACT:] [BINF:] [FID:] [META:] [from:09182536378] [to:09283164164] [flags:-1:0:-1:-1:24] [msg:12:test message] [udh:0:]
2020-08-26 16:02:42 Receive DLR [SMSC:smart01] [SVC:foo] [ACT:] [BINF:] [FID:] [META:] [from:09182536378] [to:09283164164] [flags:-1:-1:-1:-1:8] [msg:4:ACK/] [udh:0:]
2020-08-26 16:02:47 Sent SMS [SMSC:smart01] [SVC:foo] [ACT:] [BINF:] [FID:] [META:] [from:09182536378] [to:09283164164] [flags:-1:0:-1:-1:24] [msg:12:test message] [udh:0:]
2020-08-26 16:02:47 Receive DLR [SMSC:smart01] [SVC:foo] [ACT:] [BINF:] [FID:] [META:] [from:09182536378] [to:09283164164] [flags:-1:-1:-1:-1:8] [msg:4:ACK/] [udh:0:]
2020-08-26 16:02:51 Sent SMS [SMSC:smart01] [SVC:foo] [ACT:] [BINF:] [FID:] [META:] [from:09182536378] [to:09283164164] [flags:-1:0:-1:-1:24] [msg:12:test message] [udh:0:]
2020-08-26 16:02:51 Receive DLR [SMSC:smart01] [SVC:foo] [ACT:] [BINF:] [FID:] [META:] [from:09182536378] [to:09283164164] [flags:-1:-1:-1:-1:8] [msg:4:ACK/] [udh:0:]
2020-08-26 16:02:56 Sent SMS [SMSC:smart01] [SVC:foo] [ACT:] [BINF:] [FID:] [META:] [from:09182536378] [to:09283164164] [flags:-1:0:-1:-1:24] [msg:12:test message] [udh:0:]
2020-08-26 16:02:56 Receive DLR [SMSC:smart01] [SVC:foo] [ACT:] [BINF:] [FID:] [META:] [from:09182536378] [to:09283164164] [flags:-1:-1:-1:-1:8] [msg:4:ACK/] [udh:0:]
2020-08-26 16:03:38 Sent SMS [SMSC:smart01] [SVC:foo] [ACT:] [BINF:] [FID:] [META:] [from:09182536378] [to:09283164164] [flags:-1:0:-1:-1:24] [msg:4:test] [udh:0:]
2020-08-26 16:03:38 Receive DLR [SMSC:smart01] [SVC:foo] [ACT:] [BINF:] [FID:] [META:] [from:09182536378] [to:09283164164] [flags:-1:-1:-1:-1:8] [msg:4:ACK/] [udh:0:]
2020-08-26 16:05:58 Sent SMS [SMSC:smart01] [SVC:foo] [ACT:] [BINF:] [FID:] [META:] [from:09182536378] [to:09283164164] [flags:-1:0:-1:-1:24] [msg:11:hello world] [udh:0:]
2020-08-26 16:05:58 Receive DLR [SMSC:smart01] [SVC:foo] [ACT:] [BINF:] [FID:] [META:] [from:09182536378] [to:09283164164] [flags:-1:-1:-1:-1:8] [msg:4:ACK/] [udh:0:]
2020-08-26 16:10:26 Sent SMS [SMSC:smart01] [SVC:foo] [ACT:] [BINF:] [FID:] [META:] [from:09182536378] [to:09283164164] [flags:-1:0:-1:-1:24] [msg:12:test message] [udh:0:]
2020-08-26 16:10:26 Receive DLR [SMSC:smart01] [SVC:foo] [ACT:] [BINF:] [FID:] [META:] [from:09182536378] [to:09283164164] [flags:-1:-1:-1:-1:8] [msg:4:ACK/] [udh:0:]
2020-08-26 16:23:33 Sent SMS [SMSC:smart01] [SVC:foo] [ACT:] [BINF:] [FID:] [META:] [from:09182536378] [to:09283164164] [flags:-1:0:-1:-1:24] [msg:11:hello world] [udh:0:]
2020-08-26 16:23:33 Receive DLR [SMSC:smart01] [SVC:foo] [ACT:] [BINF:] [FID:] [META:] [from:09182536378] [to:09283164164] [flags:-1:-1:-1:-1:8] [msg:4:ACK/] [udh:0:]
2020-08-26 16:24:30 Sent SMS [SMSC:smart01] [SVC:foo] [ACT:] [BINF:] [FID:] [META:] [from:09182536378] [to:09283164164] [flags:-1:0:-1:-1:24] [msg:11:hello world] [udh:0:]
2020-08-26 16:24:30 Receive DLR [SMSC:smart01] [SVC:foo] [ACT:] [BINF:] [FID:] [META:] [from:09182536378] [to:09283164164] [flags:-1:-1:-1:-1:8] [msg:4:ACK/] [udh:0:]
2020-08-26 16:25:02 Sent SMS [SMSC:smart01] [SVC:foo] [ACT:] [BINF:] [FID:] [META:] [from:09182536378] [to:09283164164] [flags:-1:0:-1:-1:24] [msg:11:hello world] [udh:0:]
2020-08-26 16:25:02 Receive DLR [SMSC:smart01] [SVC:foo] [ACT:] [BINF:] [FID:] [META:] [from:09182536378] [to:09283164164] [flags:-1:-1:-1:-1:8] [msg:4:ACK/] [udh:0:]
